> Task :eda-common:compileJava UP-TO-DATE
> Task :eda-common:processResources NO-SOURCE
> Task :eda-common:classes UP-TO-DATE
> Task :eda-common:jar UP-TO-DATE
> Task :eda-point-service:compileJava UP-TO-DATE
> Task :eda-point-service:processResources UP-TO-DATE
> Task :eda-point-service:classes UP-TO-DATE
> Task :eda-point-service:resolveMainClassName UP-TO-DATE

> Task :eda-point-service:bootRun

  .   ____          _            __ _ _
 /\\ / ___'_ __ _ _(_)_ __  __ _ \ \ \ \
( ( )\___ | '_ | '_| | '_ \/ _` | \ \ \ \
 \\/  ___)| |_)| | | | | || (_| |  ) ) ) )
  '  |____| .__|_| |_|_| |_\__, | / / / /
 =========|_|==============|___/=/_/_/_/

[32m :: Spring Boot :: [39m             [2m (v3.5.10)[0;39m

[2m2026-03-17T09:13:00.819+09:00[0;39m [32m INFO[0;39m [35m30483[0;39m [2m--- [point-service] [           main] [0;39m[36mc.pulmuone.eda.point.PointApplication   [0;39m [2m:[0;39m Starting PointApplication using Java 17.0.17 with PID 30483 (/Users/moonkoon/gemini_workspace/eda/eda-point-service/build/classes/java/main started by moonkoon in /Users/moonkoon/gemini_workspace/eda/eda-point-service)
[2m2026-03-17T09:13:00.820+09:00[0;39m [32mDEBUG[0;39m [35m30483[0;39m [2m--- [point-service] [           main] [0;39m[36mc.pulmuone.eda.point.PointApplication   [0;39m [2m:[0;39m Running with Spring Boot v3.5.10, Spring v6.2.15
[2m2026-03-17T09:13:00.820+09:00[0;39m [32m INFO[0;39m [35m30483[0;39m [2m--- [point-service] [           main] [0;39m[36mc.pulmuone.eda.point.PointApplication   [0;39m [2m:[0;39m The following 1 profile is active: "local"
[2m2026-03-17T09:13:01.010+09:00[0;39m [32m INFO[0;39m [35m30483[0;39m [2m--- [point-service] [           main] [0;39m[36m.s.d.r.c.RepositoryConfigurationDelegate[0;39m [2m:[0;39m Bootstrapping Spring Data JPA repositories in DEFAULT mode.
[2m2026-03-17T09:13:01.017+09:00[0;39m [32m INFO[0;39m [35m30483[0;39m [2m--- [point-service] [           main] [0;39m[36m.s.d.r.c.RepositoryConfigurationDelegate[0;39m [2m:[0;39m Finished Spring Data repository scanning in 4 ms. Found 0 JPA repository interfaces.
[2m2026-03-17T09:13:01.155+09:00[0;39m [32m INFO[0;39m [35m30483[0;39m [2m--- [point-service] [           main] [0;39m[36mo.s.b.w.embedded.tomcat.TomcatWebServer [0;39m [2m:[0;39m Tomcat initialized with port 8082 (http)
[2m2026-03-17T09:13:01.160+09:00[0;39m [32m INFO[0;39m [35m30483[0;39m [2m--- [point-service] [           main] [0;39m[36mo.apache.catalina.core.StandardService  [0;39m [2m:[0;39m Starting service [Tomcat]
[2m2026-03-17T09:13:01.160+09:00[0;39m [32m INFO[0;39m [35m30483[0;39m [2m--- [point-service] [           main] [0;39m[36mo.apache.catalina.core.StandardEngine   [0;39m [2m:[0;39m Starting Servlet engine: [Apache Tomcat/10.1.50]
[2m2026-03-17T09:13:01.179+09:00[0;39m [32m INFO[0;39m [35m30483[0;39m [2m--- [point-service] [           main] [0;39m[36mo.a.c.c.C.[Tomcat].[localhost].[/]      [0;39m [2m:[0;39m Initializing Spring embedded WebApplicationContext
[2m2026-03-17T09:13:01.180+09:00[0;39m [32m INFO[0;39m [35m30483[0;39m [2m--- [point-service] [           main] [0;39m[36mw.s.c.ServletWebServerApplicationContext[0;39m [2m:[0;39m Root WebApplicationContext: initialization completed in 344 ms
[2m2026-03-17T09:13:01.224+09:00[0;39m [32mDEBUG[0;39m [35m30483[0;39m [2m--- [point-service] [           main] [0;39m[36mj.LocalContainerEntityManagerFactoryBean[0;39m [2m:[0;39m Building JPA container EntityManagerFactory for persistence unit 'default'
[2m2026-03-17T09:13:01.229+09:00[0;39m [32m INFO[0;39m [35m30483[0;39m [2m--- [point-service] [           main] [0;39m[36mo.hibernate.jpa.internal.util.LogHelper [0;39m [2m:[0;39m HHH000204: Processing PersistenceUnitInfo [name: default]
[2m2026-03-17T09:13:01.247+09:00[0;39m [32m INFO[0;39m [35m30483[0;39m [2m--- [point-service] [           main] [0;39m[36morg.hibernate.Version                   [0;39m [2m:[0;39m HHH000412: Hibernate ORM core version 6.6.41.Final
[2m2026-03-17T09:13:01.262+09:00[0;39m [32m INFO[0;39m [35m30483[0;39m [2m--- [point-service] [           main] [0;39m[36mo.h.c.internal.RegionFactoryInitiator   [0;39m [2m:[0;39m HHH000026: Second-level cache disabled
[2m2026-03-17T09:13:01.354+09:00[0;39m [32m INFO[0;39m [35m30483[0;39m [2m--- [point-service] [           main] [0;39m[36mo.s.o.j.p.SpringPersistenceUnitInfo     [0;39m [2m:[0;39m No LoadTimeWeaver setup: ignoring JPA class transformer
[2m2026-03-17T09:13:01.366+09:00[0;39m [32m INFO[0;39m [35m30483[0;39m [2m--- [point-service] [           main] [0;39m[36mcom.zaxxer.hikari.HikariDataSource      [0;39m [2m:[0;39m HikariPool-1 - Starting...
[2m2026-03-17T09:13:01.444+09:00[0;39m [32m INFO[0;39m [35m30483[0;39m [2m--- [point-service] [           main] [0;39m[36mcom.zaxxer.hikari.pool.HikariPool       [0;39m [2m:[0;39m HikariPool-1 - Added connection com.mysql.cj.jdbc.ConnectionImpl@1736c1e4
[2m2026-03-17T09:13:01.445+09:00[0;39m [32m INFO[0;39m [35m30483[0;39m [2m--- [point-service] [           main] [0;39m[36mcom.zaxxer.hikari.HikariDataSource      [0;39m [2m:[0;39m HikariPool-1 - Start completed.
[2m2026-03-17T09:13:01.473+09:00[0;39m [32m INFO[0;39m [35m30483[0;39m [2m--- [point-service] [           main] [0;39m[36morg.hibernate.orm.connections.pooling   [0;39m [2m:[0;39m HHH10001005: Database info:
	Database JDBC URL [Connecting through datasource 'HikariDataSource (HikariPool-1)']
	Database driver: undefined/unknown
	Database version: 8.0.45
	Autocommit mode: undefined/unknown
	Isolation level: undefined/unknown
	Minimum pool size: undefined/unknown
	Maximum pool size: undefined/unknown
[2m2026-03-17T09:13:01.579+09:00[0;39m [32m INFO[0;39m [35m30483[0;39m [2m--- [point-service] [           main] [0;39m[36mo.h.e.t.j.p.i.JtaPlatformInitiator      [0;39m [2m:[0;39m HHH000489: No JTA platform available (set 'hibernate.transaction.jta.platform' to enable JTA platform integration)
[2m2026-03-17T09:13:01.581+09:00[0;39m [32m INFO[0;39m [35m30483[0;39m [2m--- [point-service] [           main] [0;39m[36mj.LocalContainerEntityManagerFactoryBean[0;39m [2m:[0;39m Initialized JPA EntityManagerFactory for persistence unit 'default'
[2m2026-03-17T09:13:01.615+09:00[0;39m [33m WARN[0;39m [35m30483[0;39m [2m--- [point-service] [           main] [0;39m[36mJpaBaseConfiguration$JpaWebConfiguration[0;39m [2m:[0;39m spring.jpa.open-in-view is enabled by default. Therefore, database queries may be performed during view rendering. Explicitly configure spring.jpa.open-in-view to disable this warning
[2m2026-03-17T09:13:01.743+09:00[0;39m [32m INFO[0;39m [35m30483[0;39m [2m--- [point-service] [           main] [0;39m[36mo.s.b.w.embedded.tomcat.TomcatWebServer [0;39m [2m:[0;39m Tomcat started on port 8082 (http) with context path '/'
[2m2026-03-17T09:13:01.755+09:00[0;39m [32m INFO[0;39m [35m30483[0;39m [2m--- [point-service] [           main] [0;39m[36mo.a.k.clients.consumer.ConsumerConfig   [0;39m [2m:[0;39m ConsumerConfig values: 
	allow.auto.create.topics = true
	auto.commit.interval.ms = 5000
	auto.include.jmx.reporter = true
	auto.offset.reset = earliest
	bootstrap.servers = [localhost:9092]
	check.crcs = true
	client.dns.lookup = use_all_dns_ips
	client.id = consumer-point-group-1
	client.rack = 
	connections.max.idle.ms = 540000
	default.api.timeout.ms = 60000
	enable.auto.commit = false
	enable.metrics.push = true
	exclude.internal.topics = true
	fetch.max.bytes = 52428800
	fetch.max.wait.ms = 500
	fetch.min.bytes = 1
	group.id = point-group
	group.instance.id = null
	group.protocol = classic
	group.remote.assignor = null
	heartbeat.interval.ms = 3000
	interceptor.classes = []
	internal.leave.group.on.close = true
	internal.throw.on.fetch.stable.offset.unsupported = false
	isolation.level = read_uncommitted
	key.deserializer = class org.apache.kafka.common.serialization.StringDeserializer
	max.partition.fetch.bytes = 1048576
	max.poll.interval.ms = 300000
	max.poll.records = 500
	metadata.max.age.ms = 300000
	metadata.recovery.strategy = none
	metric.reporters = []
	metrics.num.samples = 2
	metrics.recording.level = INFO
	metrics.sample.window.ms = 30000
	partition.assignment.strategy = [class org.apache.kafka.clients.consumer.RangeAssignor, class org.apache.kafka.clients.consumer.CooperativeStickyAssignor]
	receive.buffer.bytes = 65536
	reconnect.backoff.max.ms = 1000
	reconnect.backoff.ms = 50
	request.timeout.ms = 30000
	retry.backoff.max.ms = 1000
	retry.backoff.ms = 100
	sasl.client.callback.handler.class = null
	sasl.jaas.config = null
	sasl.kerberos.kinit.cmd = /usr/bin/kinit
	sasl.kerberos.min.time.before.relogin = 60000
	sasl.kerberos.service.name = null
	sasl.kerberos.ticket.renew.jitter = 0.05
	sasl.kerberos.ticket.renew.window.factor = 0.8
	sasl.login.callback.handler.class = null
	sasl.login.class = null
	sasl.login.connect.timeout.ms = null
	sasl.login.read.timeout.ms = null
	sasl.login.refresh.buffer.seconds = 300
	sasl.login.refresh.min.period.seconds = 60
	sasl.login.refresh.window.factor = 0.8
	sasl.login.refresh.window.jitter = 0.05
	sasl.login.retry.backoff.max.ms = 10000
	sasl.login.retry.backoff.ms = 100
	sasl.mechanism = GSSAPI
	sasl.oauthbearer.clock.skew.seconds = 30
	sasl.oauthbearer.expected.audience = null
	sasl.oauthbearer.expected.issuer = null
	sasl.oauthbearer.header.urlencode = false
	sasl.oauthbearer.jwks.endpoint.refresh.ms = 3600000
	sasl.oauthbearer.jwks.endpoint.retry.backoff.max.ms = 10000
	sasl.oauthbearer.jwks.endpoint.retry.backoff.ms = 100
	sasl.oauthbearer.jwks.endpoint.url = null
	sasl.oauthbearer.scope.claim.name = scope
	sasl.oauthbearer.sub.claim.name = sub
	sasl.oauthbearer.token.endpoint.url = null
	security.protocol = PLAINTEXT
	security.providers = null
	send.buffer.bytes = 131072
	session.timeout.ms = 45000
	socket.connection.setup.timeout.max.ms = 30000
	socket.connection.setup.timeout.ms = 10000
	ssl.cipher.suites = null
	ssl.enabled.protocols = [TLSv1.2, TLSv1.3]
	ssl.endpoint.identification.algorithm = https
	ssl.engine.factory.class = null
	ssl.key.password = null
	ssl.keymanager.algorithm = SunX509
	ssl.keystore.certificate.chain = null
	ssl.keystore.key = null
	ssl.keystore.location = null
	ssl.keystore.password = null
	ssl.keystore.type = JKS
	ssl.protocol = TLSv1.3
	ssl.provider = null
	ssl.secure.random.implementation = null
	ssl.trustmanager.algorithm = PKIX
	ssl.truststore.certificates = null
	ssl.truststore.location = null
	ssl.truststore.password = null
	ssl.truststore.type = JKS
	value.deserializer = class org.springframework.kafka.support.serializer.JsonDeserializer

[2m2026-03-17T09:13:01.767+09:00[0;39m [32m INFO[0;39m [35m30483[0;39m [2m--- [point-service] [           main] [0;39m[36mo.a.k.c.t.i.KafkaMetricsCollector       [0;39m [2m:[0;39m initializing Kafka metrics collector
[2m2026-03-17T09:13:01.801+09:00[0;39m [32m INFO[0;39m [35m30483[0;39m [2m--- [point-service] [           main] [0;39m[36mo.a.kafka.common.utils.AppInfoParser    [0;39m [2m:[0;39m Kafka version: 3.9.1
[2m2026-03-17T09:13:01.801+09:00[0;39m [32m INFO[0;39m [35m30483[0;39m [2m--- [point-service] [           main] [0;39m[36mo.a.kafka.common.utils.AppInfoParser    [0;39m [2m:[0;39m Kafka commitId: f745dfdcee2b9851
[2m2026-03-17T09:13:01.801+09:00[0;39m [32m INFO[0;39m [35m30483[0;39m [2m--- [point-service] [           main] [0;39m[36mo.a.kafka.common.utils.AppInfoParser    [0;39m [2m:[0;39m Kafka startTimeMs: 1773706381801
[2m2026-03-17T09:13:01.802+09:00[0;39m [32m INFO[0;39m [35m30483[0;39m [2m--- [point-service] [           main] [0;39m[36mo.a.k.c.c.i.ClassicKafkaConsumer        [0;39m [2m:[0;39m [Consumer clientId=consumer-point-group-1, groupId=point-group] Subscribed to topic(s): order.created
[2m2026-03-17T09:13:01.808+09:00[0;39m [32m INFO[0;39m [35m30483[0;39m [2m--- [point-service] [           main] [0;39m[36mc.pulmuone.eda.point.PointApplication   [0;39m [2m:[0;39m Started PointApplication in 1.141 seconds (process running for 1.248)
[2m2026-03-17T09:13:01.905+09:00[0;39m [32m INFO[0;39m [35m30483[0;39m [2m--- [point-service] [ntainer#0-0-C-1] [0;39m[36morg.apache.kafka.clients.Metadata       [0;39m [2m:[0;39m [Consumer clientId=consumer-point-group-1, groupId=point-group] Cluster ID: Ek9i767PTtCdKMa33fPDpw
[2m2026-03-17T09:13:01.906+09:00[0;39m [32m INFO[0;39m [35m30483[0;39m [2m--- [point-service] [ntainer#0-0-C-1] [0;39m[36mo.a.k.c.c.internals.ConsumerCoordinator [0;39m [2m:[0;39m [Consumer clientId=consumer-point-group-1, groupId=point-group] Discovered group coordinator localhost:9092 (id: 2147483646 rack: null)
[2m2026-03-17T09:13:01.906+09:00[0;39m [32m INFO[0;39m [35m30483[0;39m [2m--- [point-service] [ntainer#0-0-C-1] [0;39m[36mo.a.k.c.c.internals.ConsumerCoordinator [0;39m [2m:[0;39m [Consumer clientId=consumer-point-group-1, groupId=point-group] (Re-)joining group
[2m2026-03-17T09:13:01.912+09:00[0;39m [32m INFO[0;39m [35m30483[0;39m [2m--- [point-service] [ntainer#0-0-C-1] [0;39m[36mo.a.k.c.c.internals.ConsumerCoordinator [0;39m [2m:[0;39m [Consumer clientId=consumer-point-group-1, groupId=point-group] Request joining group due to: need to re-join with the given member-id: consumer-point-group-1-409fba98-d75c-443e-a284-58f7c7a2ce15
[2m2026-03-17T09:13:01.912+09:00[0;39m [32m INFO[0;39m [35m30483[0;39m [2m--- [point-service] [ntainer#0-0-C-1] [0;39m[36mo.a.k.c.c.internals.ConsumerCoordinator [0;39m [2m:[0;39m [Consumer clientId=consumer-point-group-1, groupId=point-group] (Re-)joining group
[2m2026-03-17T09:13:29.476+09:00[0;39m [32m INFO[0;39m [35m30483[0;39m [2m--- [point-service] [ntainer#0-0-C-1] [0;39m[36mo.a.k.c.c.internals.ConsumerCoordinator [0;39m [2m:[0;39m [Consumer clientId=consumer-point-group-1, groupId=point-group] Successfully joined group with generation Generation{generationId=6, memberId='consumer-point-group-1-409fba98-d75c-443e-a284-58f7c7a2ce15', protocol='range'}
[2m2026-03-17T09:13:29.480+09:00[0;39m [32m INFO[0;39m [35m30483[0;39m [2m--- [point-service] [ntainer#0-0-C-1] [0;39m[36mo.a.k.c.c.internals.ConsumerCoordinator [0;39m [2m:[0;39m [Consumer clientId=consumer-point-group-1, groupId=point-group] Finished assignment for group at generation 6: {consumer-point-group-1-409fba98-d75c-443e-a284-58f7c7a2ce15=Assignment(partitions=[order.created-0])}
[2m2026-03-17T09:13:29.487+09:00[0;39m [32m INFO[0;39m [35m30483[0;39m [2m--- [point-service] [ntainer#0-0-C-1] [0;39m[36mo.a.k.c.c.internals.ConsumerCoordinator [0;39m [2m:[0;39m [Consumer clientId=consumer-point-group-1, groupId=point-group] Successfully synced group in generation Generation{generationId=6, memberId='consumer-point-group-1-409fba98-d75c-443e-a284-58f7c7a2ce15', protocol='range'}
[2m2026-03-17T09:13:29.487+09:00[0;39m [32m INFO[0;39m [35m30483[0;39m [2m--- [point-service] [ntainer#0-0-C-1] [0;39m[36mo.a.k.c.c.internals.ConsumerCoordinator [0;39m [2m:[0;39m [Consumer clientId=consumer-point-group-1, groupId=point-group] Notifying assignor about the new Assignment(partitions=[order.created-0])
[2m2026-03-17T09:13:29.488+09:00[0;39m [32m INFO[0;39m [35m30483[0;39m [2m--- [point-service] [ntainer#0-0-C-1] [0;39m[36mk.c.c.i.ConsumerRebalanceListenerInvoker[0;39m [2m:[0;39m [Consumer clientId=consumer-point-group-1, groupId=point-group] Adding newly assigned partitions: order.created-0
[2m2026-03-17T09:13:29.493+09:00[0;39m [32m INFO[0;39m [35m30483[0;39m [2m--- [point-service] [ntainer#0-0-C-1] [0;39m[36mo.a.k.c.c.internals.ConsumerUtils       [0;39m [2m:[0;39m Setting offset for partition order.created-0 to the committed offset FetchPosition{offset=6, offsetEpoch=Optional.empty, currentLeader=LeaderAndEpoch{leader=Optional[localhost:9092 (id: 1 rack: null)], epoch=0}}
[2m2026-03-17T09:13:29.494+09:00[0;39m [32m INFO[0;39m [35m30483[0;39m [2m--- [point-service] [ntainer#0-0-C-1] [0;39m[36mo.s.k.l.KafkaMessageListenerContainer   [0;39m [2m:[0;39m point-group: partitions assigned: [order.created-0]
[2m2026-03-17T09:13:29.536+09:00[0;39m [32m INFO[0;39m [35m30483[0;39m [2m--- [point-service] [ntainer#0-0-C-1] [0;39m[36mc.p.e.p.a.out.point.PointEventListener  [0;39m [2m:[0;39m [Point Service] Subscribed OrderCreatedEvent from Kafka for Order: 202603170913043068
[2m2026-03-17T09:13:29.536+09:00[0;39m [32m INFO[0;39m [35m30483[0;39m [2m--- [point-service] [ntainer#0-0-C-1] [0;39m[36mc.p.e.p.adapter.out.point.PointAdapter  [0;39m [2m:[0;39m [Point Service] User points deducted for Product PROD-12345 (Quantity: 1).
[2m2026-03-17T09:13:29.536+09:00[0;39m [32m INFO[0;39m [35m30483[0;39m [2m--- [point-service] [ntainer#0-0-C-1] [0;39m[36mc.p.e.p.a.out.point.PointEventListener  [0;39m [2m:[0;39m [Point Service] Point deducted successfully for Order: 202603170913043068
[2m2026-03-17T09:13:29.539+09:00[0;39m [32m INFO[0;39m [35m30483[0;39m [2m--- [point-service] [ntainer#0-0-C-1] [0;39m[36mo.a.k.clients.producer.ProducerConfig   [0;39m [2m:[0;39m ProducerConfig values: 
	acks = -1
	auto.include.jmx.reporter = true
	batch.size = 16384
	bootstrap.servers = [localhost:9092]
	buffer.memory = 33554432
	client.dns.lookup = use_all_dns_ips
	client.id = point-service-producer-1
	compression.gzip.level = -1
	compression.lz4.level = 9
	compression.type = none
	compression.zstd.level = 3
	connections.max.idle.ms = 540000
	delivery.timeout.ms = 120000
	enable.idempotence = true
	enable.metrics.push = true
	interceptor.classes = []
	key.serializer = class org.apache.kafka.common.serialization.StringSerializer
	linger.ms = 0
	max.block.ms = 60000
	max.in.flight.requests.per.connection = 5
	max.request.size = 1048576
	metadata.max.age.ms = 300000
	metadata.max.idle.ms = 300000
	metadata.recovery.strategy = none
	metric.reporters = []
	metrics.num.samples = 2
	metrics.recording.level = INFO
	metrics.sample.window.ms = 30000
	partitioner.adaptive.partitioning.enable = true
	partitioner.availability.timeout.ms = 0
	partitioner.class = null
	partitioner.ignore.keys = false
	receive.buffer.bytes = 32768
	reconnect.backoff.max.ms = 1000
	reconnect.backoff.ms = 50
	request.timeout.ms = 30000
	retries = 2147483647
	retry.backoff.max.ms = 1000
	retry.backoff.ms = 100
	sasl.client.callback.handler.class = null
	sasl.jaas.config = null
	sasl.kerberos.kinit.cmd = /usr/bin/kinit
	sasl.kerberos.min.time.before.relogin = 60000
	sasl.kerberos.service.name = null
	sasl.kerberos.ticket.renew.jitter = 0.05
	sasl.kerberos.ticket.renew.window.factor = 0.8
	sasl.login.callback.handler.class = null
	sasl.login.class = null
	sasl.login.connect.timeout.ms = null
	sasl.login.read.timeout.ms = null
	sasl.login.refresh.buffer.seconds = 300
	sasl.login.refresh.min.period.seconds = 60
	sasl.login.refresh.window.factor = 0.8
	sasl.login.refresh.window.jitter = 0.05
	sasl.login.retry.backoff.max.ms = 10000
	sasl.login.retry.backoff.ms = 100
	sasl.mechanism = GSSAPI
	sasl.oauthbearer.clock.skew.seconds = 30
	sasl.oauthbearer.expected.audience = null
	sasl.oauthbearer.expected.issuer = null
	sasl.oauthbearer.header.urlencode = false
	sasl.oauthbearer.jwks.endpoint.refresh.ms = 3600000
	sasl.oauthbearer.jwks.endpoint.retry.backoff.max.ms = 10000
	sasl.oauthbearer.jwks.endpoint.retry.backoff.ms = 100
	sasl.oauthbearer.jwks.endpoint.url = null
	sasl.oauthbearer.scope.claim.name = scope
	sasl.oauthbearer.sub.claim.name = sub
	sasl.oauthbearer.token.endpoint.url = null
	security.protocol = PLAINTEXT
	security.providers = null
	send.buffer.bytes = 131072
	socket.connection.setup.timeout.max.ms = 30000
	socket.connection.setup.timeout.ms = 10000
	ssl.cipher.suites = null
	ssl.enabled.protocols = [TLSv1.2, TLSv1.3]
	ssl.endpoint.identification.algorithm = https
	ssl.engine.factory.class = null
	ssl.key.password = null
	ssl.keymanager.algorithm = SunX509
	ssl.keystore.certificate.chain = null
	ssl.keystore.key = null
	ssl.keystore.location = null
	ssl.keystore.password = null
	ssl.keystore.type = JKS
	ssl.protocol = TLSv1.3
	ssl.provider = null
	ssl.secure.random.implementation = null
	ssl.trustmanager.algorithm = PKIX
	ssl.truststore.certificates = null
	ssl.truststore.location = null
	ssl.truststore.password = null
	ssl.truststore.type = JKS
	transaction.timeout.ms = 60000
	transactional.id = null
	value.serializer = class org.springframework.kafka.support.serializer.JsonSerializer

[2m2026-03-17T09:13:29.539+09:00[0;39m [32m INFO[0;39m [35m30483[0;39m [2m--- [point-service] [ntainer#0-0-C-1] [0;39m[36mo.a.k.c.t.i.KafkaMetricsCollector       [0;39m [2m:[0;39m initializing Kafka metrics collector
[2m2026-03-17T09:13:29.543+09:00[0;39m [32m INFO[0;39m [35m30483[0;39m [2m--- [point-service] [ntainer#0-0-C-1] [0;39m[36mo.a.k.clients.producer.KafkaProducer    [0;39m [2m:[0;39m [Producer clientId=point-service-producer-1] Instantiated an idempotent producer.
[2m2026-03-17T09:13:29.547+09:00[0;39m [32m INFO[0;39m [35m30483[0;39m [2m--- [point-service] [ntainer#0-0-C-1] [0;39m[36mo.a.kafka.common.utils.AppInfoParser    [0;39m [2m:[0;39m Kafka version: 3.9.1
[2m2026-03-17T09:13:29.548+09:00[0;39m [32m INFO[0;39m [35m30483[0;39m [2m--- [point-service] [ntainer#0-0-C-1] [0;39m[36mo.a.kafka.common.utils.AppInfoParser    [0;39m [2m:[0;39m Kafka commitId: f745dfdcee2b9851
[2m2026-03-17T09:13:29.548+09:00[0;39m [32m INFO[0;39m [35m30483[0;39m [2m--- [point-service] [ntainer#0-0-C-1] [0;39m[36mo.a.kafka.common.utils.AppInfoParser    [0;39m [2m:[0;39m Kafka startTimeMs: 1773706409547
[2m2026-03-17T09:13:29.553+09:00[0;39m [32m INFO[0;39m [35m30483[0;39m [2m--- [point-service] [vice-producer-1] [0;39m[36morg.apache.kafka.clients.Metadata       [0;39m [2m:[0;39m [Producer clientId=point-service-producer-1] Cluster ID: Ek9i767PTtCdKMa33fPDpw
[2m2026-03-17T09:13:29.554+09:00[0;39m [32m INFO[0;39m [35m30483[0;39m [2m--- [point-service] [vice-producer-1] [0;39m[36mo.a.k.c.p.internals.TransactionManager  [0;39m [2m:[0;39m [Producer clientId=point-service-producer-1] ProducerId set to 16 with epoch 0
